12:35:25 **** Incremental Build of configuration Debug for project AVR_Drivers ****
make all 
Building file: ../APP/main.c
Invoking: AVR Compiler
avr-gcc -Wall -g2 -gstabs -O0 -fpack-struct -fshort-enums -ffunction-sections -fdata-sections -std=gnu99 -funsigned-char -funsigned-bitfields -mmcu=atmega32 -DF_CPU=8000000UL -MMD -MP -MF"APP/main.d" -MT"APP/main.o" -c -o "APP/main.o" "../APP/main.c"
In file included from ../APP/main.c:5:
../APP/../HAL/KeyPad_Driver/KeyPad_interface.h:31: warning: data definition has no type or storage class
../APP/../HAL/KeyPad_Driver/KeyPad_interface.h:31: warning: type defaults to 'int' in declaration of 'KeyPad_U8SwitchPressed'
In file included from ../APP/main.c:12:
f:/01- embedded systems avr tools-20230304t182915z-001/01- embedded systems avr tools/01- imt sdk/imt_sdk_win_64/imt_sdk_win_64/winavr/lib/gcc/../../avr/include/util/delay.h:90:3: warning: #warning "Compiler optimizations disabled; functions from <util/delay.h> won't work as designed"
../APP/main.c:26: warning: return type of 'main' is not 'int'
../APP/main.c: In function 'main':
../APP/main.c:34: warning: unused variable 'arr'
../APP/main.c:33: warning: unused variable 'z'
../APP/main.c:32: warning: unused variable 'x'
Finished building: ../APP/main.c
 
Building target: AVR_Drivers.elf
Invoking: AVR C Linker
avr-gcc -Wl,-Map,AVR_Drivers.map -mmcu=atmega32 -o "AVR_Drivers.elf"  ./RTOS/RTOS_program.o  ./MCAL/Timers/Timer0/Timer0_program.o  ./MCAL/Ext_INT/INT1/INT1_program.o  ./MCAL/DIO/DIO_program.o  ./MCAL/Comm_Protocols/I2C/I2C_program.o  ./HAL/Switch/Switch_program.o  ./HAL/SevSeg_Driver/SevSeg_program.o  ./HAL/Led_Driver/Led_Program.o  ./HAL/LCD_Driver/LCD_program.o  ./HAL/KeyPad_Driver/KeyPad_program.o  ./HAL/EEPROM_Driver/EEPROM_program.o  ./APP/main.o   
Finished building target: AVR_Drivers.elf
 
Invoking: AVR Create Extended Listing
avr-objdump -h -S AVR_Drivers.elf  >"AVR_Drivers.lss"
Finished building: AVR_Drivers.lss
 
Create Flash image (ihex format)
avr-objcopy -R .eeprom -R .fuse -R .lock -R .signature -O ihex AVR_Drivers.elf  "AVR_Drivers.hex"
Finished building: AVR_Drivers.hex
 
Invoking: Print Size
avr-size --format=avr --mcu=atmega32 AVR_Drivers.elf
AVR Memory Usage
----------------
Device: atmega32

Program:   17048 bytes (52.0% Full)
(.text + .data + .bootloader)

Data:        388 bytes (18.9% Full)
(.data + .bss + .noinit)


Finished building: sizedummy
 

12:35:34 Build Finished (took 8s.552ms)

